<?xml version="1.0" encoding="UTF-8" ?>
<testsuite tests="3" failures="0" name="com.getguru.interview.resources.TestDataResource" time="0.299" errors="0" skipped="0">
  <properties>
[...]
</properties>
  <testcase classname="com.getguru.interview.resources.TestDataResource" name="com.getguru.interview.resources.TestDataResource.testStringToDate" time="0.002"/>
  <testcase classname="com.getguru.interview.resources.TestDataResource" name="com.getguru.interview.resources.TestDataResource.testExceptions" time="0"/>
  <testcase classname="com.getguru.interview.resources.TestDataResource" name="com.getguru.interview.resources.TestDataResource.testGetEarthquakes" time="0.297"/>
</testsuite>